0 verbose cli /usr/local/bin/node /usr/local/bin/npm
1 info using npm@11.6.2
2 info using node@v24.11.1
3 silly config load:file:/usr/local/lib/node_modules/npm/npmrc
4 silly config load:file:/Users/azan/Desktop/personal website/.npmrc
5 silly config load:file:/Users/azan/.npmrc
6 verbose config error loading user config Error: EPERM: operation not permitted, open '/Users/azan/.npmrc'
6 verbose config     at async open (node:internal/fs/promises:642:25)
6 verbose config     at async readFile (node:internal/fs/promises:1279:14)
6 verbose config     at async #loadFile (/usr/local/lib/node_modules/npm/node_modules/@npmcli/config/lib/index.js:635:5)
6 verbose config     at async Config.load (/usr/local/lib/node_modules/npm/node_modules/@npmcli/config/lib/index.js:259:5)
6 verbose config     at async #load (/usr/local/lib/node_modules/npm/lib/npm.js:99:5)
6 verbose config     at async Npm.load (/usr/local/lib/node_modules/npm/lib/npm.js:81:14)
6 verbose config     at async module.exports (/usr/local/lib/node_modules/npm/lib/cli/entry.js:35:37) {
6 verbose config   errno: -1,
6 verbose config   code: 'EPERM',
6 verbose config   syscall: 'open',
6 verbose config   path: '/Users/azan/.npmrc'
6 verbose config }
7 silly config load:file:/usr/local/etc/npmrc
8 verbose title npm install
9 verbose argv "install" "--cache" "./npm_cache" "--prefer-offline" "--no-audit" "--no-fund" "--loglevel" "verbose"
10 verbose logfile logs-max:10 dir:/Users/azan/Desktop/personal website/npm_cache/_logs/2026-05-06T04_08_26_826Z-
11 verbose logfile /Users/azan/Desktop/personal website/npm_cache/_logs/2026-05-06T04_08_26_826Z-debug-0.log
12 silly logfile done cleaning log files
13 silly packumentCache heap:4496293888 maxSize:1124073472 maxEntrySize:562036736
14 http fetch GET https://registry.npmjs.org/npm attempt 1 failed with ENOTFOUND
15 silly idealTree buildDeps
16 silly fetch manifest clsx@^2.1.1
17 silly packumentCache full:https://registry.npmjs.org/clsx cache-miss
18 http fetch GET https://registry.npmjs.org/clsx attempt 1 failed with ENOTFOUND
19 http fetch GET https://registry.npmjs.org/npm attempt 2 failed with ENOTFOUND
20 http fetch GET https://registry.npmjs.org/clsx attempt 2 failed with ENOTFOUND
21 http fetch GET https://registry.npmjs.org/npm attempt 3 failed with ENOTFOUND
22 http fetch GET https://registry.npmjs.org/clsx attempt 3 failed with ENOTFOUND
23 silly fetch manifest framer-motion@^12.38.0
24 silly packumentCache full:https://registry.npmjs.org/framer-motion cache-miss
25 http fetch GET https://registry.npmjs.org/framer-motion attempt 1 failed with ENOTFOUND
26 http fetch GET https://registry.npmjs.org/framer-motion attempt 2 failed with ENOTFOUND
27 http fetch GET https://registry.npmjs.org/framer-motion attempt 3 failed with ENOTFOUND
28 silly fetch manifest lucide-react@^1.7.0
29 silly packumentCache full:https://registry.npmjs.org/lucide-react cache-miss
30 http fetch GET https://registry.npmjs.org/lucide-react attempt 1 failed with ENOTFOUND
31 http fetch GET https://registry.npmjs.org/lucide-react attempt 2 failed with ENOTFOUND
32 http fetch GET https://registry.npmjs.org/lucide-react attempt 3 failed with ENOTFOUND
33 silly fetch manifest react@^19.2.4
34 silly packumentCache full:https://registry.npmjs.org/react cache-miss
35 http fetch GET https://registry.npmjs.org/react attempt 1 failed with ENOTFOUND
36 http fetch GET https://registry.npmjs.org/react attempt 2 failed with ENOTFOUND
37 http fetch GET https://registry.npmjs.org/react attempt 3 failed with ENOTFOUND
38 silly fetch manifest react-dom@^19.2.4
39 silly packumentCache full:https://registry.npmjs.org/react-dom cache-miss
40 http fetch GET https://registry.npmjs.org/react-dom attempt 1 failed with ENOTFOUND
41 http fetch GET https://registry.npmjs.org/react-dom attempt 2 failed with ENOTFOUND
42 http fetch GET https://registry.npmjs.org/react-dom attempt 3 failed with ENOTFOUND
43 silly fetch manifest tailwind-merge@^3.5.0
44 silly packumentCache full:https://registry.npmjs.org/tailwind-merge cache-miss
45 http fetch GET https://registry.npmjs.org/tailwind-merge attempt 1 failed with ENOTFOUND
46 http fetch GET https://registry.npmjs.org/tailwind-merge attempt 2 failed with ENOTFOUND
47 http fetch GET https://registry.npmjs.org/tailwind-merge attempt 3 failed with ENOTFOUND
48 silly fetch manifest @types/react@^19.2.14
49 silly packumentCache full:https://registry.npmjs.org/@types%2freact cache-miss
50 http fetch GET https://registry.npmjs.org/@types%2freact attempt 1 failed with ENOTFOUND
51 http fetch GET https://registry.npmjs.org/@types%2freact attempt 2 failed with ENOTFOUND
52 http fetch GET https://registry.npmjs.org/@types%2freact attempt 3 failed with ENOTFOUND
53 silly fetch manifest @types/react-dom@^19.2.3
54 silly packumentCache full:https://registry.npmjs.org/@types%2freact-dom cache-miss
55 http fetch GET https://registry.npmjs.org/@types%2freact-dom attempt 1 failed with ENOTFOUND
56 http fetch GET https://registry.npmjs.org/@types%2freact-dom attempt 2 failed with ENOTFOUND
57 http fetch GET https://registry.npmjs.org/@types%2freact-dom attempt 3 failed with ENOTFOUND
58 silly fetch manifest @vitejs/plugin-react@^6.0.1
59 silly packumentCache full:https://registry.npmjs.org/@vitejs%2fplugin-react cache-miss
60 http fetch GET https://registry.npmjs.org/@vitejs%2fplugin-react attempt 1 failed with ENOTFOUND
61 http fetch GET https://registry.npmjs.org/@vitejs%2fplugin-react attempt 2 failed with ENOTFOUND
62 http fetch GET https://registry.npmjs.org/@vitejs%2fplugin-react attempt 3 failed with ENOTFOUND
63 silly fetch manifest gh-pages@^6.3.0
64 silly packumentCache full:https://registry.npmjs.org/gh-pages cache-miss
65 http fetch GET https://registry.npmjs.org/gh-pages attempt 1 failed with ENOTFOUND
66 http fetch GET https://registry.npmjs.org/gh-pages attempt 2 failed with ENOTFOUND
67 http fetch GET https://registry.npmjs.org/gh-pages attempt 3 failed with ENOTFOUND
68 silly fetch manifest vite@^8.0.4
69 silly packumentCache full:https://registry.npmjs.org/vite cache-miss
70 http fetch GET https://registry.npmjs.org/vite attempt 1 failed with ENOTFOUND
71 http fetch GET https://registry.npmjs.org/vite attempt 2 failed with ENOTFOUND
72 http fetch GET https://registry.npmjs.org/vite attempt 3 failed with ENOTFOUND
73 silly placeDep ROOT @types/react@ OK for: empire-os@0.1.0 want: ^19.2.14
74 silly placeDep ROOT @types/react-dom@ OK for: empire-os@0.1.0 want: ^19.2.3
75 silly placeDep ROOT @vitejs/plugin-react@ OK for: empire-os@0.1.0 want: ^6.0.1
76 silly placeDep ROOT clsx@ OK for: empire-os@0.1.0 want: ^2.1.1
77 silly placeDep ROOT framer-motion@ OK for: empire-os@0.1.0 want: ^12.38.0
78 silly placeDep ROOT gh-pages@ OK for: empire-os@0.1.0 want: ^6.3.0
79 silly placeDep ROOT lucide-react@ OK for: empire-os@0.1.0 want: ^1.7.0
80 silly placeDep ROOT react@ OK for: empire-os@0.1.0 want: ^19.2.4
81 silly placeDep ROOT react-dom@ OK for: empire-os@0.1.0 want: ^19.2.4
82 silly placeDep ROOT tailwind-merge@ OK for: empire-os@0.1.0 want: ^3.5.0
83 silly placeDep ROOT vite@ OK for: empire-os@0.1.0 want: ^8.0.4
84 verbose type system
85 verbose stack FetchError: request to https://registry.npmjs.org/@types%2freact failed, reason: getaddrinfo ENOTFOUND registry.npmjs.org
85 verbose stack     at ClientRequest.<anonymous> (/usr/local/lib/node_modules/npm/node_modules/minipass-fetch/lib/index.js:130:14)
85 verbose stack     at ClientRequest.emit (node:events:508:28)
85 verbose stack     at emitErrorEvent (node:_http_client:108:11)
85 verbose stack     at _destroy (node:_http_client:962:9)
85 verbose stack     at onSocketNT (node:_http_client:982:5)
85 verbose stack     at process.processTicksAndRejections (node:internal/process/task_queues:90:21)
86 error code ENOTFOUND
87 error syscall getaddrinfo
88 error errno ENOTFOUND
89 error network request to https://registry.npmjs.org/@types%2freact failed, reason: getaddrinfo ENOTFOUND registry.npmjs.org
90 error network This is a problem related to network connectivity.
90 error network In most cases you are behind a proxy or have bad network settings.
90 error network
90 error network If you are behind a proxy, please make sure that the
90 error network 'proxy' config is set properly.  See: 'npm help config'
91 silly unfinished npm timer reify 1778040507042
92 silly unfinished npm timer reify:loadTrees 1778040507043
93 verbose cwd /Users/azan/Desktop/personal website
94 verbose os Darwin 25.3.0
95 verbose node v24.11.1
96 verbose npm  v11.6.2
97 verbose exit 1
98 verbose code 1
99 error A complete log of this run can be found in: /Users/azan/Desktop/personal website/npm_cache/_logs/2026-05-06T04_08_26_826Z-debug-0.log
